<?xml version="1.0" encoding="UTF-8"?>
<testsuite xmlns:xsi="http://www.w3.org/2001/XMLSchema-instance" xsi:noNamespaceSchemaLocation="https://maven.apache.org/surefire/maven-surefire-plugin/xsd/surefire-test-report.xsd" name="TestSuite" time="71.509" tests="2" errors="0" skipped="0" failures="1">
  <properties>
    <property name="sun.desktop" value="windows"/>
    <property name="awt.toolkit" value="sun.awt.windows.WToolkit"/>
    <property name="surefire.suiteXmlFiles" value="src\test\resources\testng-all.xml"/>
    <property name="file.encoding.pkg" value="sun.io"/>
    <property name="java.specification.version" value="1.8"/>
    <property name="sun.cpu.isalist" value="amd64"/>
    <property name="sun.jnu.encoding" value="Cp1251"/>
    <property name="java.class.path" value="C:\Users\37529\Desktop\automation\Framework\target\test-classes;C:\Users\37529\Desktop\automation\Framework\target\classes;C:\Users\37529\.m2\repository\org\seleniumhq\selenium\selenium-java\3.141.59\selenium-java-3.141.59.jar;C:\Users\37529\.m2\repository\org\seleniumhq\selenium\selenium-api\3.141.59\selenium-api-3.141.59.jar;C:\Users\37529\.m2\repository\org\seleniumhq\selenium\selenium-chrome-driver\3.141.59\selenium-chrome-driver-3.141.59.jar;C:\Users\37529\.m2\repository\org\seleniumhq\selenium\selenium-edge-driver\3.141.59\selenium-edge-driver-3.141.59.jar;C:\Users\37529\.m2\repository\org\seleniumhq\selenium\selenium-firefox-driver\3.141.59\selenium-firefox-driver-3.141.59.jar;C:\Users\37529\.m2\repository\org\seleniumhq\selenium\selenium-ie-driver\3.141.59\selenium-ie-driver-3.141.59.jar;C:\Users\37529\.m2\repository\org\seleniumhq\selenium\selenium-opera-driver\3.141.59\selenium-opera-driver-3.141.59.jar;C:\Users\37529\.m2\repository\org\seleniumhq\selenium\selenium-remote-driver\3.141.59\selenium-remote-driver-3.141.59.jar;C:\Users\37529\.m2\repository\org\seleniumhq\selenium\selenium-safari-driver\3.141.59\selenium-safari-driver-3.141.59.jar;C:\Users\37529\.m2\repository\org\seleniumhq\selenium\selenium-support\3.141.59\selenium-support-3.141.59.jar;C:\Users\37529\.m2\repository\net\bytebuddy\byte-buddy\1.8.15\byte-buddy-1.8.15.jar;C:\Users\37529\.m2\repository\org\apache\commons\commons-exec\1.3\commons-exec-1.3.jar;C:\Users\37529\.m2\repository\com\google\guava\guava\25.0-jre\guava-25.0-jre.jar;C:\Users\37529\.m2\repository\com\google\code\findbugs\jsr305\1.3.9\jsr305-1.3.9.jar;C:\Users\37529\.m2\repository\org\checkerframework\checker-compat-qual\2.0.0\checker-compat-qual-2.0.0.jar;C:\Users\37529\.m2\repository\com\google\errorprone\error_prone_annotations\2.1.3\error_prone_annotations-2.1.3.jar;C:\Users\37529\.m2\repository\com\google\j2objc\j2objc-annotations\1.1\j2objc-annotations-1.1.jar;C:\Users\37529\.m2\repository\org\codehaus\mojo\animal-sniffer-annotations\1.14\animal-sniffer-annotations-1.14.jar;C:\Users\37529\.m2\repository\com\squareup\okhttp3\okhttp\3.11.0\okhttp-3.11.0.jar;C:\Users\37529\.m2\repository\com\squareup\okio\okio\1.14.0\okio-1.14.0.jar;C:\Users\37529\.m2\repository\io\github\bonigarcia\webdrivermanager\3.3.0\webdrivermanager-3.3.0.jar;C:\Users\37529\.m2\repository\org\slf4j\slf4j-api\1.7.25\slf4j-api-1.7.25.jar;C:\Users\37529\.m2\repository\com\google\code\gson\gson\2.8.5\gson-2.8.5.jar;C:\Users\37529\.m2\repository\org\apache\commons\commons-lang3\3.8.1\commons-lang3-3.8.1.jar;C:\Users\37529\.m2\repository\org\apache\httpcomponents\httpclient\4.5.6\httpclient-4.5.6.jar;C:\Users\37529\.m2\repository\org\apache\httpcomponents\httpcore\4.4.10\httpcore-4.4.10.jar;C:\Users\37529\.m2\repository\commons-logging\commons-logging\1.2\commons-logging-1.2.jar;C:\Users\37529\.m2\repository\commons-codec\commons-codec\1.10\commons-codec-1.10.jar;C:\Users\37529\.m2\repository\org\rauschig\jarchivelib\1.0.0\jarchivelib-1.0.0.jar;C:\Users\37529\.m2\repository\org\apache\commons\commons-compress\1.18\commons-compress-1.18.jar;C:\Users\37529\.m2\repository\org\jsoup\jsoup\1.11.3\jsoup-1.11.3.jar;C:\Users\37529\.m2\repository\org\testng\testng\7.1.0\testng-7.1.0.jar;C:\Users\37529\.m2\repository\com\beust\jcommander\1.72\jcommander-1.72.jar;C:\Users\37529\.m2\repository\com\google\inject\guice\4.1.0\guice-4.1.0-no_aop.jar;C:\Users\37529\.m2\repository\javax\inject\javax.inject\1\javax.inject-1.jar;C:\Users\37529\.m2\repository\aopalliance\aopalliance\1.0\aopalliance-1.0.jar;C:\Users\37529\.m2\repository\org\yaml\snakeyaml\1.21\snakeyaml-1.21.jar;C:\Users\37529\.m2\repository\org\hamcrest\hamcrest-all\1.3\hamcrest-all-1.3.jar;C:\Users\37529\.m2\repository\commons-io\commons-io\2.6\commons-io-2.6.jar;C:\Users\37529\.m2\repository\org\apache\logging\log4j\log4j-api\2.11.1\log4j-api-2.11.1.jar;C:\Users\37529\.m2\repository\org\apache\logging\log4j\log4j-core\2.11.1\log4j-core-2.11.1.jar;C:\Users\37529\.m2\repository\junit\junit\4.12\junit-4.12.jar;C:\Users\37529\.m2\repository\org\hamcrest\hamcrest-core\1.3\hamcrest-core-1.3.jar;"/>
    <property name="java.vm.vendor" value="Oracle Corporation"/>
    <property name="sun.arch.data.model" value="64"/>
    <property name="user.variant" value=""/>
    <property name="java.vendor.url" value="http://java.oracle.com/"/>
    <property name="user.timezone" value="Europe/Minsk"/>
    <property name="user.country.format" value="BY"/>
    <property name="java.vm.specification.version" value="1.8"/>
    <property name="os.name" value="Windows 10"/>
    <property name="user.country" value="RU"/>
    <property name="sun.java.launcher" value="SUN_STANDARD"/>
    <property name="sun.boot.library.path" value="C:\Program Files\Java\jdk1.8.0_212\jre\bin"/>
    <property name="sun.java.command" value="C:\Users\37529\AppData\Local\Temp\surefire4946629398619866747\surefirebooter5954271728334214261.jar C:\Users\37529\AppData\Local\Temp\surefire4946629398619866747 2020-03-23T09-53-41_101-jvmRun1 surefire4714487014137546434tmp surefire_02435558203619062744tmp"/>
    <property name="surefire.test.class.path" value="C:\Users\37529\Desktop\automation\Framework\target\test-classes;C:\Users\37529\Desktop\automation\Framework\target\classes;C:\Users\37529\.m2\repository\org\seleniumhq\selenium\selenium-java\3.141.59\selenium-java-3.141.59.jar;C:\Users\37529\.m2\repository\org\seleniumhq\selenium\selenium-api\3.141.59\selenium-api-3.141.59.jar;C:\Users\37529\.m2\repository\org\seleniumhq\selenium\selenium-chrome-driver\3.141.59\selenium-chrome-driver-3.141.59.jar;C:\Users\37529\.m2\repository\org\seleniumhq\selenium\selenium-edge-driver\3.141.59\selenium-edge-driver-3.141.59.jar;C:\Users\37529\.m2\repository\org\seleniumhq\selenium\selenium-firefox-driver\3.141.59\selenium-firefox-driver-3.141.59.jar;C:\Users\37529\.m2\repository\org\seleniumhq\selenium\selenium-ie-driver\3.141.59\selenium-ie-driver-3.141.59.jar;C:\Users\37529\.m2\repository\org\seleniumhq\selenium\selenium-opera-driver\3.141.59\selenium-opera-driver-3.141.59.jar;C:\Users\37529\.m2\repository\org\seleniumhq\selenium\selenium-remote-driver\3.141.59\selenium-remote-driver-3.141.59.jar;C:\Users\37529\.m2\repository\org\seleniumhq\selenium\selenium-safari-driver\3.141.59\selenium-safari-driver-3.141.59.jar;C:\Users\37529\.m2\repository\org\seleniumhq\selenium\selenium-support\3.141.59\selenium-support-3.141.59.jar;C:\Users\37529\.m2\repository\net\bytebuddy\byte-buddy\1.8.15\byte-buddy-1.8.15.jar;C:\Users\37529\.m2\repository\org\apache\commons\commons-exec\1.3\commons-exec-1.3.jar;C:\Users\37529\.m2\repository\com\google\guava\guava\25.0-jre\guava-25.0-jre.jar;C:\Users\37529\.m2\repository\com\google\code\findbugs\jsr305\1.3.9\jsr305-1.3.9.jar;C:\Users\37529\.m2\repository\org\checkerframework\checker-compat-qual\2.0.0\checker-compat-qual-2.0.0.jar;C:\Users\37529\.m2\repository\com\google\errorprone\error_prone_annotations\2.1.3\error_prone_annotations-2.1.3.jar;C:\Users\37529\.m2\repository\com\google\j2objc\j2objc-annotations\1.1\j2objc-annotations-1.1.jar;C:\Users\37529\.m2\repository\org\codehaus\mojo\animal-sniffer-annotations\1.14\animal-sniffer-annotations-1.14.jar;C:\Users\37529\.m2\repository\com\squareup\okhttp3\okhttp\3.11.0\okhttp-3.11.0.jar;C:\Users\37529\.m2\repository\com\squareup\okio\okio\1.14.0\okio-1.14.0.jar;C:\Users\37529\.m2\repository\io\github\bonigarcia\webdrivermanager\3.3.0\webdrivermanager-3.3.0.jar;C:\Users\37529\.m2\repository\org\slf4j\slf4j-api\1.7.25\slf4j-api-1.7.25.jar;C:\Users\37529\.m2\repository\com\google\code\gson\gson\2.8.5\gson-2.8.5.jar;C:\Users\37529\.m2\repository\org\apache\commons\commons-lang3\3.8.1\commons-lang3-3.8.1.jar;C:\Users\37529\.m2\repository\org\apache\httpcomponents\httpclient\4.5.6\httpclient-4.5.6.jar;C:\Users\37529\.m2\repository\org\apache\httpcomponents\httpcore\4.4.10\httpcore-4.4.10.jar;C:\Users\37529\.m2\repository\commons-logging\commons-logging\1.2\commons-logging-1.2.jar;C:\Users\37529\.m2\repository\commons-codec\commons-codec\1.10\commons-codec-1.10.jar;C:\Users\37529\.m2\repository\org\rauschig\jarchivelib\1.0.0\jarchivelib-1.0.0.jar;C:\Users\37529\.m2\repository\org\apache\commons\commons-compress\1.18\commons-compress-1.18.jar;C:\Users\37529\.m2\repository\org\jsoup\jsoup\1.11.3\jsoup-1.11.3.jar;C:\Users\37529\.m2\repository\org\testng\testng\7.1.0\testng-7.1.0.jar;C:\Users\37529\.m2\repository\com\beust\jcommander\1.72\jcommander-1.72.jar;C:\Users\37529\.m2\repository\com\google\inject\guice\4.1.0\guice-4.1.0-no_aop.jar;C:\Users\37529\.m2\repository\javax\inject\javax.inject\1\javax.inject-1.jar;C:\Users\37529\.m2\repository\aopalliance\aopalliance\1.0\aopalliance-1.0.jar;C:\Users\37529\.m2\repository\org\yaml\snakeyaml\1.21\snakeyaml-1.21.jar;C:\Users\37529\.m2\repository\org\hamcrest\hamcrest-all\1.3\hamcrest-all-1.3.jar;C:\Users\37529\.m2\repository\commons-io\commons-io\2.6\commons-io-2.6.jar;C:\Users\37529\.m2\repository\org\apache\logging\log4j\log4j-api\2.11.1\log4j-api-2.11.1.jar;C:\Users\37529\.m2\repository\org\apache\logging\log4j\log4j-core\2.11.1\log4j-core-2.11.1.jar;C:\Users\37529\.m2\repository\junit\junit\4.12\junit-4.12.jar;C:\Users\37529\.m2\repository\org\hamcrest\hamcrest-core\1.3\hamcrest-core-1.3.jar;"/>
    <property name="sun.cpu.endian" value="little"/>
    <property name="user.home" value="C:\Users\37529"/>
    <property name="user.language" value="ru"/>
    <property name="java.specification.vendor" value="Oracle Corporation"/>
    <property name="java.home" value="C:\Program Files\Java\jdk1.8.0_212\jre"/>
    <property name="basedir" value="C:\Users\37529\Desktop\automation\Framework"/>
    <property name="file.separator" value="\"/>
    <property name="line.separator" value="&#10;"/>
    <property name="java.vm.specification.vendor" value="Oracle Corporation"/>
    <property name="java.specification.name" value="Java Platform API Specification"/>
    <property name="java.awt.graphicsenv" value="sun.awt.Win32GraphicsEnvironment"/>
    <property name="surefire.real.class.path" value="C:\Users\37529\AppData\Local\Temp\surefire4946629398619866747\surefirebooter5954271728334214261.jar"/>
    <property name="sun.boot.class.path" value="C:\Program Files\Java\jdk1.8.0_212\jre\lib\resources.jar;C:\Program Files\Java\jdk1.8.0_212\jre\lib\rt.jar;C:\Program Files\Java\jdk1.8.0_212\jre\lib\sunrsasign.jar;C:\Program Files\Java\jdk1.8.0_212\jre\lib\jsse.jar;C:\Program Files\Java\jdk1.8.0_212\jre\lib\jce.jar;C:\Program Files\Java\jdk1.8.0_212\jre\lib\charsets.jar;C:\Program Files\Java\jdk1.8.0_212\jre\lib\jfr.jar;C:\Program Files\Java\jdk1.8.0_212\jre\classes"/>
    <property name="user.script" value=""/>
    <property name="sun.management.compiler" value="HotSpot 64-Bit Tiered Compilers"/>
    <property name="java.runtime.version" value="1.8.0_212-b10"/>
    <property name="user.name" value="37529"/>
    <property name="path.separator" value=";"/>
    <property name="os.version" value="10.0"/>
    <property name="java.endorsed.dirs" value="C:\Program Files\Java\jdk1.8.0_212\jre\lib\endorsed"/>
    <property name="java.runtime.name" value="Java(TM) SE Runtime Environment"/>
    <property name="file.encoding" value="Cp1251"/>
    <property name="browser" value="chrome"/>
    <property name="java.vm.name" value="Java HotSpot(TM) 64-Bit Server VM"/>
    <property name="localRepository" value="C:\Users\37529\.m2\repository"/>
    <property name="java.vendor.url.bug" value="http://bugreport.sun.com/bugreport/"/>
    <property name="java.io.tmpdir" value="C:\Users\37529\AppData\Local\Temp\"/>
    <property name="java.version" value="1.8.0_212"/>
    <property name="user.dir" value="C:\Users\37529\Desktop\automation\Framework"/>
    <property name="os.arch" value="amd64"/>
    <property name="java.vm.specification.name" value="Java Virtual Machine Specification"/>
    <property name="java.awt.printerjob" value="sun.awt.windows.WPrinterJob"/>
    <property name="sun.os.patch.level" value=""/>
    <property name="environment" value="dev"/>
    <property name="java.library.path" value="C:\Program Files\Java\jdk1.8.0_212\jre\bin;C:\WINDOWS\Sun\Java\bin;C:\WINDOWS\system32;C:\WINDOWS;C:\Program Files (x86)\Common Files\Oracle\Java\javapath;C:\Windows\system32;C:\Windows;C:\Windows\System32\Wbem;C:\Windows\System32\WindowsPowerShell\v1.0\;C:\Windows\System32\OpenSSH\;C:\Program Files (x86)\NVIDIA Corporation\PhysX\Common;C:\Program Files\Git\cmd;C:\Program Files\Intel\WiFi\bin\;C:\Program Files\Common Files\Intel\WirelessCommon\;C:\Program Files (x86)\Intel\Intel(R) Management Engine Components\DAL;C:\Program Files\Intel\Intel(R) Management Engine Components\DAL;C:\WINDOWS\system32;C:\WINDOWS;C:\WINDOWS\System32\Wbem;C:\WINDOWS\System32\WindowsPowerShell\v1.0\;C:\WINDOWS\System32\OpenSSH\;C:\Users\37529\apache-maven-3.6.2\bin;C:\Program Files\Java\jdk1.8.0_212\bin;C:\Users\37529\AppData\Local\Microsoft\WindowsApps;D:\Downloads\chromedriver_win32;D:\Downloads\geckodriver-v0.24.0-win64;C:\Program Files\IntelliJ-IDEA-Community-Edition-2019.2.3\bin;;C:\Users\37529\apache-maven-3.6.2\bin;;."/>
    <property name="java.vm.info" value="mixed mode"/>
    <property name="java.vendor" value="Oracle Corporation"/>
    <property name="java.vm.version" value="25.212-b10"/>
    <property name="java.ext.dirs" value="C:\Program Files\Java\jdk1.8.0_212\jre\lib\ext;C:\WINDOWS\Sun\Java\lib\ext"/>
    <property name="sun.io.unicode.encoding" value="UnicodeLittle"/>
    <property name="java.class.version" value="52.0"/>
  </properties>
  <testcase name="fillCalculatorSendEmailAndCheckSum" classname="tests.HardcoreTest" time="23.962">
    <failure message="no such element: Unable to locate element: {&quot;method&quot;:&quot;xpath&quot;,&quot;selector&quot;:&quot;//*[@class=&apos;md-select-menu-container md-active md-clickable&apos;]//*[contains(text(), &apos;Free: Debian, CentOS, CoreOS, Ubuntu, or other User Provided OS&apos;)]&quot;}&#10;  (Session info: chrome=80.0.3987.149)&#10;For documentation on this error, please visit: https://www.seleniumhq.org/exceptions/no_such_element.html&#10;Build info: version: &apos;3.141.59&apos;, revision: &apos;e82be7d358&apos;, time: &apos;2018-11-14T08:17:03&apos;&#10;System info: host: &apos;DESKTOP-KATERIN&apos;, ip: &apos;192.168.56.1&apos;, os.name: &apos;Windows 10&apos;, os.arch: &apos;amd64&apos;, os.version: &apos;10.0&apos;, java.version: &apos;1.8.0_212&apos;&#10;Driver info: org.openqa.selenium.chrome.ChromeDriver&#10;Capabilities {acceptInsecureCerts: false, browserName: chrome, browserVersion: 80.0.3987.149, chrome: {chromedriverVersion: 80.0.3987.106 (f68069574609..., userDataDir: C:\Users\37529\AppData\Loca...}, goog:chromeOptions: {debuggerAddress: localhost:61273}, javascriptEnabled: true, networkConnectionEnabled: false, pageLoadStrategy: normal, platform: WINDOWS, platformName: WINDOWS, proxy: Proxy(), setWindowRect: true, strictFileInteractability: false, timeouts: {implicit: 0, pageLoad: 300000, script: 30000}, unhandledPromptBehavior: dismiss and notify}&#10;Session ID: ef8fce81badb98a4aa56e4d5ee6e91dc&#10;*** Element info: {Using=xpath, value=//*[@class=&apos;md-select-menu-container md-active md-clickable&apos;]//*[contains(text(), &apos;Free: Debian, CentOS, CoreOS, Ubuntu, or other User Provided OS&apos;)]}" type="org.openqa.selenium.NoSuchElementException">org.openqa.selenium.NoSuchElementException: 
no such element: Unable to locate element: {"method":"xpath","selector":"//*[@class='md-select-menu-container md-active md-clickable']//*[contains(text(), 'Free: Debian, CentOS, CoreOS, Ubuntu, or other User Provided OS')]"}
  (Session info: chrome=80.0.3987.149)
For documentation on this error, please visit: https://www.seleniumhq.org/exceptions/no_such_element.html
Build info: version: '3.141.59', revision: 'e82be7d358', time: '2018-11-14T08:17:03'
System info: host: 'DESKTOP-KATERIN', ip: '192.168.56.1', os.name: 'Windows 10', os.arch: 'amd64', os.version: '10.0', java.version: '1.8.0_212'
Driver info: org.openqa.selenium.chrome.ChromeDriver
Capabilities {acceptInsecureCerts: false, browserName: chrome, browserVersion: 80.0.3987.149, chrome: {chromedriverVersion: 80.0.3987.106 (f68069574609..., userDataDir: C:\Users\37529\AppData\Loca...}, goog:chromeOptions: {debuggerAddress: localhost:61273}, javascriptEnabled: true, networkConnectionEnabled: false, pageLoadStrategy: normal, platform: WINDOWS, platformName: WINDOWS, proxy: Proxy(), setWindowRect: true, strictFileInteractability: false, timeouts: {implicit: 0, pageLoad: 300000, script: 30000}, unhandledPromptBehavior: dismiss and notify}
Session ID: ef8fce81badb98a4aa56e4d5ee6e91dc
*** Element info: {Using=xpath, value=//*[@class='md-select-menu-container md-active md-clickable']//*[contains(text(), 'Free: Debian, CentOS, CoreOS, Ubuntu, or other User Provided OS')]}
	at tests.HardcoreTest.fillCalculatorSendEmailAndCheckSum(HardcoreTest.java:25)
</failure>
    <system-out><![CDATA[2020-03-23 09:54:19,751 INFO  [main] pageobject.CalculatorPage.activateComputeEngine(CalculatorPage.java:61) Frame was activated
]]></system-out>
    <system-err><![CDATA[SLF4J: Failed to load class "org.slf4j.impl.StaticLoggerBinder".
SLF4J: Defaulting to no-operation (NOP) logger implementation
SLF4J: See http://www.slf4j.org/codes.html#StaticLoggerBinder for further details.
Starting ChromeDriver 80.0.3987.106 (f68069574609230cf9b635cd784cfb1bf81bb53a-refs/branch-heads/3987@{#882}) on port 17366
Only local connections are allowed.
Please protect ports used by ChromeDriver and related test frameworks to prevent access by malicious code.
[1584946431.134][WARNING]: Timed out connecting to Chrome, retrying...
мар 23, 2020 9:53:53 AM org.openqa.selenium.remote.ProtocolHandshake createSession
INFO: Detected dialect: W3C
[1584946435.260][WARNING]: Timed out connecting to Chrome, retrying...
[1584946439.187][SEVERE]: Timed out receiving message from renderer: 0.100
[1584946439.288][SEVERE]: Timed out receiving message from renderer: 0.100
[1584946440.028][SEVERE]: Timed out receiving message from renderer: 0.100
[1584946440.132][SEVERE]: Timed out receiving message from renderer: 0.100
[1584946440.399][SEVERE]: Timed out receiving message from renderer: 0.100
[1584946440.814][SEVERE]: Timed out receiving message from renderer: 0.100
[1584946441.034][SEVERE]: Timed out receiving message from renderer: 0.100
[1584946441.283][SEVERE]: Timed out receiving message from renderer: 0.100
[1584946441.387][SEVERE]: Timed out receiving message from renderer: 0.100
[1584946441.489][SEVERE]: Timed out receiving message from renderer: 0.100
[1584946441.591][SEVERE]: Timed out receiving message from renderer: 0.100
[1584946448.839][SEVERE]: Timed out receiving message from renderer: 0.100
[1584946448.992][SEVERE]: Timed out receiving message from renderer: 0.100
[1584946449.791][SEVERE]: Timed out receiving message from renderer: 0.100
[1584946449.894][SEVERE]: Timed out receiving message from renderer: 0.100
[1584946449.998][SEVERE]: Timed out receiving message from renderer: 0.100
[1584946450.203][SEVERE]: Timed out receiving message from renderer: 0.100
[1584946450.310][SEVERE]: Timed out receiving message from renderer: 0.100
[1584946450.414][SEVERE]: Timed out receiving message from renderer: 0.100
[1584946450.519][SEVERE]: Timed out receiving message from renderer: 0.100
[1584946450.653][SEVERE]: Timed out receiving message from renderer: 0.100
[1584946450.758][SEVERE]: Timed out receiving message from renderer: 0.100
[1584946450.864][SEVERE]: Timed out receiving message from renderer: 0.100
[1584946450.966][SEVERE]: Timed out receiving message from renderer: 0.100
[1584946451.069][SEVERE]: Timed out receiving message from renderer: 0.100
[1584946451.173][SEVERE]: Timed out receiving message from renderer: 0.100
[1584946451.279][SEVERE]: Timed out receiving message from renderer: 0.100
[1584946451.478][SEVERE]: Timed out receiving message from renderer: 0.100
[1584946451.583][SEVERE]: Timed out receiving message from renderer: 0.100
[1584946451.685][SEVERE]: Timed out receiving message from renderer: 0.100
[1584946451.790][SEVERE]: Timed out receiving message from renderer: 0.100
[1584946451.896][SEVERE]: Timed out receiving message from renderer: 0.100
[1584946452.000][SEVERE]: Timed out receiving message from renderer: 0.100
[1584946452.105][SEVERE]: Timed out receiving message from renderer: 0.100
[1584946452.228][SEVERE]: Timed out receiving message from renderer: 0.100
[1584946452.332][SEVERE]: Timed out receiving message from renderer: 0.100
[1584946452.438][SEVERE]: Timed out receiving message from renderer: 0.100
[1584946453.610][SEVERE]: Timed out receiving message from renderer: 0.100
[1584946453.735][SEVERE]: Timed out receiving message from renderer: 0.100
[1584946453.837][SEVERE]: Timed out receiving message from renderer: 0.100
[1584946453.939][SEVERE]: Timed out receiving message from renderer: 0.100
[1584946454.041][SEVERE]: Timed out receiving message from renderer: 0.100
[1584946454.144][SEVERE]: Timed out receiving message from renderer: 0.100
[1584946454.249][SEVERE]: Timed out receiving message from renderer: 0.100
[1584946454.447][SEVERE]: Timed out receiving message from renderer: 0.100
[1584946454.548][SEVERE]: Timed out receiving message from renderer: 0.100
[1584946454.653][SEVERE]: Timed out receiving message from renderer: 0.100
[1584946454.756][SEVERE]: Timed out receiving message from renderer: 0.100
[1584946454.860][SEVERE]: Timed out receiving message from renderer: 0.100
[1584946455.043][SEVERE]: Timed out receiving message from renderer: 0.100
[1584946455.144][SEVERE]: Timed out receiving message from renderer: 0.100
]]></system-err>
  </testcase>
  <testcase name="openCalculatorPage" classname="tests.OpenCalculatorPageTest" time="20.769"/>
</testsuite>